<?xml version="1.0" encoding="UTF-8"?>
<testsuite xmlns:xsi="http://www.w3.org/2001/XMLSchema-instance" xsi:noNamespaceSchemaLocation="https://maven.apache.org/surefire/maven-surefire-plugin/xsd/surefire-test-report-3.0.xsd" version="3.0" name="userRepository.UserRepositoryTest" time="0.743" tests="20" errors="0" skipped="0" failures="0">
  <properties>
    <property name="java.specification.version" value="17"/>
    <property name="sun.cpu.isalist" value="amd64"/>
    <property name="sun.jnu.encoding" value="Cp1251"/>
    <property name="java.class.path" value="C:\Users\FTP\Documents\GitHub\trackYourHabits\target\test-classes;C:\Users\FTP\Documents\GitHub\trackYourHabits\target\classes;C:\Users\FTP\.m2\repository\org\junit\jupiter\junit-jupiter-api\5.11.2\junit-jupiter-api-5.11.2.jar;C:\Users\FTP\.m2\repository\org\opentest4j\opentest4j\1.3.0\opentest4j-1.3.0.jar;C:\Users\FTP\.m2\repository\org\junit\platform\junit-platform-commons\1.11.2\junit-platform-commons-1.11.2.jar;C:\Users\FTP\.m2\repository\org\apiguardian\apiguardian-api\1.1.2\apiguardian-api-1.1.2.jar;C:\Users\FTP\.m2\repository\org\mockito\mockito-core\5.14.1\mockito-core-5.14.1.jar;C:\Users\FTP\.m2\repository\net\bytebuddy\byte-buddy\1.15.3\byte-buddy-1.15.3.jar;C:\Users\FTP\.m2\repository\net\bytebuddy\byte-buddy-agent\1.15.3\byte-buddy-agent-1.15.3.jar;C:\Users\FTP\.m2\repository\org\objenesis\objenesis\3.3\objenesis-3.3.jar;C:\Users\FTP\.m2\repository\org\assertj\assertj-core\3.26.3\assertj-core-3.26.3.jar;"/>
    <property name="java.vm.vendor" value="Oracle Corporation"/>
    <property name="sun.arch.data.model" value="64"/>
    <property name="user.variant" value=""/>
    <property name="java.vendor.url" value="https://java.oracle.com/"/>
    <property name="user.timezone" value="Europe/Moscow"/>
    <property name="os.name" value="Windows 10"/>
    <property name="java.vm.specification.version" value="17"/>
    <property name="sun.java.launcher" value="SUN_STANDARD"/>
    <property name="user.country" value="RU"/>
    <property name="sun.boot.library.path" value="C:\Program Files\Java\jdk-17\bin"/>
    <property name="sun.java.command" value="C:\Users\FTP\AppData\Local\Temp\surefire12892063059571485309\surefirebooter-20241022192930487_3.jar C:\Users\FTP\AppData\Local\Temp\surefire12892063059571485309 2024-10-22T19-29-29_774-jvmRun1 surefire-20241022192930487_1tmp surefire_0-20241022192930487_2tmp"/>
    <property name="jdk.debug" value="release"/>
    <property name="surefire.test.class.path" value="C:\Users\FTP\Documents\GitHub\trackYourHabits\target\test-classes;C:\Users\FTP\Documents\GitHub\trackYourHabits\target\classes;C:\Users\FTP\.m2\repository\org\junit\jupiter\junit-jupiter-api\5.11.2\junit-jupiter-api-5.11.2.jar;C:\Users\FTP\.m2\repository\org\opentest4j\opentest4j\1.3.0\opentest4j-1.3.0.jar;C:\Users\FTP\.m2\repository\org\junit\platform\junit-platform-commons\1.11.2\junit-platform-commons-1.11.2.jar;C:\Users\FTP\.m2\repository\org\apiguardian\apiguardian-api\1.1.2\apiguardian-api-1.1.2.jar;C:\Users\FTP\.m2\repository\org\mockito\mockito-core\5.14.1\mockito-core-5.14.1.jar;C:\Users\FTP\.m2\repository\net\bytebuddy\byte-buddy\1.15.3\byte-buddy-1.15.3.jar;C:\Users\FTP\.m2\repository\net\bytebuddy\byte-buddy-agent\1.15.3\byte-buddy-agent-1.15.3.jar;C:\Users\FTP\.m2\repository\org\objenesis\objenesis\3.3\objenesis-3.3.jar;C:\Users\FTP\.m2\repository\org\assertj\assertj-core\3.26.3\assertj-core-3.26.3.jar;"/>
    <property name="sun.cpu.endian" value="little"/>
    <property name="user.home" value="C:\Users\FTP"/>
    <property name="user.language" value="ru"/>
    <property name="java.specification.vendor" value="Oracle Corporation"/>
    <property name="java.version.date" value="2024-04-16"/>
    <property name="java.home" value="C:\Program Files\Java\jdk-17"/>
    <property name="file.separator" value="\"/>
    <property name="basedir" value="C:\Users\FTP\Documents\GitHub\trackYourHabits"/>
    <property name="java.vm.compressedOopsMode" value="Zero based"/>
    <property name="line.separator" value="&#10;"/>
    <property name="java.vm.specification.vendor" value="Oracle Corporation"/>
    <property name="java.specification.name" value="Java Platform API Specification"/>
    <property name="surefire.real.class.path" value="C:\Users\FTP\AppData\Local\Temp\surefire12892063059571485309\surefirebooter-20241022192930487_3.jar"/>
    <property name="user.script" value=""/>
    <property name="sun.management.compiler" value="HotSpot 64-Bit Tiered Compilers"/>
    <property name="java.runtime.version" value="17.0.11+7-LTS-207"/>
    <property name="user.name" value="FTP"/>
    <property name="path.separator" value=";"/>
    <property name="os.version" value="10.0"/>
    <property name="java.runtime.name" value="Java(TM) SE Runtime Environment"/>
    <property name="file.encoding" value="Cp1251"/>
    <property name="java.vm.name" value="Java HotSpot(TM) 64-Bit Server VM"/>
    <property name="localRepository" value="C:\Users\FTP\.m2\repository"/>
    <property name="java.vendor.url.bug" value="https://bugreport.java.com/bugreport/"/>
    <property name="java.io.tmpdir" value="C:\Users\FTP\AppData\Local\Temp\"/>
    <property name="idea.version" value="2024.2.3"/>
    <property name="java.version" value="17.0.11"/>
    <property name="user.dir" value="C:\Users\FTP\Documents\GitHub\trackYourHabits"/>
    <property name="os.arch" value="amd64"/>
    <property name="java.vm.specification.name" value="Java Virtual Machine Specification"/>
    <property name="sun.os.patch.level" value=""/>
    <property name="native.encoding" value="Cp1251"/>
    <property name="java.library.path" value="C:\Program Files\Java\jdk-17\bin;C:\Windows\Sun\Java\bin;C:\Windows\system32;C:\Windows;C:\Python312\Scripts\;C:\Python312\;C:\Program Files\Common Files\Oracle\Java\javapath;C:\ProgramData\Oracle\Java\javapath;C:\WINDOWS\system32;C:\WINDOWS;C:\WINDOWS\System32\Wbem;C:\WINDOWS\System32\WindowsPowerShell\v1.0\;C:\WINDOWS\System32\OpenSSH\;C:\WINDOWS\system32;C:\WINDOWS;C:\WINDOWS\System32\Wbem;C:\WINDOWS\System32\WindowsPowerShell\v1.0\;C:\WINDOWS\System32\OpenSSH\;C:\Program Files\Git\cmd;C:\ProgramData\chocolatey\bin;C:\Program Files\nodejs\;C:\Users\FTP\Scripts\;C:\Users\FTP\;C:\Users\FTP\AppData\Local\Microsoft\WindowsApps;C:\Users\FTP\AppData\Local\GitHubDesktop\bin;C:\Program Files\JetBrains\IntelliJ IDEA Community Edition 2022.2.3\bin;;C:\Users\FTP\AppData\Local\Programs\Microsoft VS Code\bin;C:\Users\FTP\AppData\Roaming\npm;."/>
    <property name="java.vm.info" value="mixed mode, sharing"/>
    <property name="java.vendor" value="Oracle Corporation"/>
    <property name="java.vm.version" value="17.0.11+7-LTS-207"/>
    <property name="sun.io.unicode.encoding" value="UnicodeLittle"/>
    <property name="java.class.version" value="61.0"/>
  </properties>
  <testcase name="testGetUserHabitsFilteredByDateOfCreation_UserHasNoHabits" classname="userRepository.UserRepositoryTest" time="0.04">
    <system-out><![CDATA[Habit added successfully

Habit removed successfully

]]></system-out>
  </testcase>
  <testcase name="testRemoveHabitFromUser" classname="userRepository.UserRepositoryTest" time="0.008">
    <system-out><![CDATA[Habit added successfully

Habit removed successfully

]]></system-out>
  </testcase>
  <testcase name="testGetAllUserAndHabits" classname="userRepository.UserRepositoryTest" time="0.318">
    <system-out><![CDATA[Habit added successfully

]]></system-out>
  </testcase>
  <testcase name="testChangeUserName" classname="userRepository.UserRepositoryTest" time="0.056">
    <system-out><![CDATA[Habit added successfully

Username changed successfully

]]></system-out>
  </testcase>
  <testcase name="testChangeUserPassword" classname="userRepository.UserRepositoryTest" time="0.014">
    <system-out><![CDATA[Habit added successfully

Password changed successfully

]]></system-out>
  </testcase>
  <testcase name="testGetUserHabitsFilteredByDateOfCreation_HabitsWithThisDateOfCreationCantBeFound" classname="userRepository.UserRepositoryTest" time="0.043">
    <system-out><![CDATA[Habit added successfully

]]></system-out>
  </testcase>
  <testcase name="testAddUser" classname="userRepository.UserRepositoryTest" time="0.036">
    <system-out><![CDATA[Habit added successfully

]]></system-out>
  </testcase>
  <testcase name="testChangeUserPassword_ThisUserPasswordAlreadyInUse" classname="userRepository.UserRepositoryTest" time="0.009">
    <system-out><![CDATA[Habit added successfully

]]></system-out>
  </testcase>
  <testcase name="testGetUserHabitsFilteredByCategory_UserHasNoHabits" classname="userRepository.UserRepositoryTest" time="0.009">
    <system-out><![CDATA[Habit added successfully

Habit removed successfully

]]></system-out>
  </testcase>
  <testcase name="testAddHabitToUser" classname="userRepository.UserRepositoryTest" time="0.004">
    <system-out><![CDATA[Habit added successfully

]]></system-out>
  </testcase>
  <testcase name="testEditUserHabit" classname="userRepository.UserRepositoryTest" time="0.01">
    <system-out><![CDATA[Habit added successfully

]]></system-out>
  </testcase>
  <testcase name="testChangeUserEmail" classname="userRepository.UserRepositoryTest" time="0.005">
    <system-out><![CDATA[Habit added successfully

Email changed successfully

]]></system-out>
  </testcase>
  <testcase name="testGetUserHabitsFilteredByDateOfCreation" classname="userRepository.UserRepositoryTest" time="0.03">
    <system-out><![CDATA[Habit added successfully

]]></system-out>
  </testcase>
  <testcase name="testChangeUserEmail_ThisEmailAlreadyInUse" classname="userRepository.UserRepositoryTest" time="0.007">
    <system-out><![CDATA[Habit added successfully

]]></system-out>
  </testcase>
  <testcase name="testIsEmailExists_ReturnsTrue" classname="userRepository.UserRepositoryTest" time="0.008">
    <system-out><![CDATA[Habit added successfully

]]></system-out>
  </testcase>
  <testcase name="testIsEmailExists_ReturnsFalse" classname="userRepository.UserRepositoryTest" time="0.005">
    <system-out><![CDATA[Habit added successfully

]]></system-out>
  </testcase>
  <testcase name="testDeleteUser" classname="userRepository.UserRepositoryTest" time="0.028">
    <system-out><![CDATA[Habit added successfully

User deleted successfully

]]></system-out>
  </testcase>
  <testcase name="testGetUserHabitsFilteredByCategory" classname="userRepository.UserRepositoryTest" time="0.017">
    <system-out><![CDATA[Habit added successfully

]]></system-out>
  </testcase>
  <testcase name="testGetUserHabitsFilteredByCategory_HabitsWithThisCategoryCantBeFound" classname="userRepository.UserRepositoryTest" time="0.052">
    <system-out><![CDATA[Habit added successfully

]]></system-out>
  </testcase>
  <testcase name="testChangeUserName_ThisUserNameAlreadyInUse" classname="userRepository.UserRepositoryTest" time="0.009">
    <system-out><![CDATA[Habit added successfully

]]></system-out>
  </testcase>
</testsuite>